<?xml version="1.0" encoding="UTF-8"?>
<!-- Generated by org.testng.reporters.JUnitXMLReporter -->
<testsuite hostname="rohit3930" ignored="0" name="Test" tests="1" failures="1" timestamp="07 Apr 2017 11:03:32 GMT" time="44.93" errors="0">
  <testcase name="Register" time="44.905" classname="dd_tests.AmwayPH_Registration">
    <failure type="java.util.NoSuchElementException">
      <![CDATA[java.util.NoSuchElementException
	at java.util.LinkedHashMap$LinkedHashIterator.nextNode(LinkedHashMap.java:713)
	at java.util.LinkedHashMap$LinkedKeyIterator.next(LinkedHashMap.java:734)
	at dd_tests.AmwayPH_Registration.Register(AmwayPH_Registration.java:148)
... Removed 24 stack frames]]>
    </failure>
  </testcase> <!-- Register -->
</testsuite> <!-- Test -->
