<?xml version="1.0" encoding="UTF-8"?>
<testng-results skipped="0" failed="1" ignored="0" total="1" passed="0">
  <reporter-output>
  </reporter-output>
  <suite name="Suite" duration-ms="44930" started-at="2017-04-07T11:02:47Z" finished-at="2017-04-07T11:03:32Z">
    <groups>
    </groups>
    <test name="Test" duration-ms="44930" started-at="2017-04-07T11:02:47Z" finished-at="2017-04-07T11:03:32Z">
      <class name="dd_tests.AmwayPH_Registration">
        <test-method status="PASS" signature="init()[pri:0, instance:dd_tests.AmwayPH_Registration@366e2eef]" name="init" is-config="true" duration-ms="9680" started-at="2017-04-07T16:32:37Z" finished-at="2017-04-07T16:32:47Z">
          <reporter-output>
          </reporter-output>
        </test-method> <!-- init -->
        <test-method status="PASS" signature="isSkip()[pri:0, instance:dd_tests.AmwayPH_Registration@366e2eef]" name="isSkip" is-config="true" duration-ms="7" started-at="2017-04-07T16:32:47Z" finished-at="2017-04-07T16:32:47Z">
          <reporter-output>
          </reporter-output>
        </test-method> <!-- isSkip -->
        <test-method status="FAIL" signature="Register(java.lang.String, java.lang.String, java.lang.String, java.lang.String, java.lang.String, java.lang.String, java.lang.String, java.lang.String, java.lang.String, java.lang.String, java.lang.String, java.lang.String, java.lang.String, java.lang.String, java.lang.String, java.lang.String, java.lang.String, java.lang.String, java.lang.String)[pri:0, instance:dd_tests.AmwayPH_Registration@366e2eef]" name="Register" duration-ms="44905" started-at="2017-04-07T16:32:47Z" data-provider="getData" finished-at="2017-04-07T16:33:32Z">
          <params>
            <param index="0">
              <value>
                <![CDATA[Test]]>
              </value>
            </param>
            <param index="1">
              <value>
                <![CDATA[Last]]>
              </value>
            </param>
            <param index="2">
              <value>
                <![CDATA[Male]]>
              </value>
            </param>
            <param index="3">
              <value>
                <![CDATA[C:\Users\rohitkumar01\Pictures\1_1.jpg]]>
              </value>
            </param>
            <param index="4">
              <value>
                <![CDATA[C:\Users\rohitkumar01\Pictures\1_1.jpg]]>
              </value>
            </param>
            <param index="5">
              <value>
                <![CDATA[@mailinator.com]]>
              </value>
            </param>
            <param index="6">
              <value>
                <![CDATA[AddressLine1]]>
              </value>
            </param>
            <param index="7">
              <value>
                <![CDATA[AddressLine2]]>
              </value>
            </param>
            <param index="8">
              <value>
                <![CDATA[AddressLine3]]>
              </value>
            </param>
            <param index="9">
              <value>
                <![CDATA[1000]]>
              </value>
            </param>
            <param index="10">
              <value>
                <![CDATA[City]]>
              </value>
            </param>
            <param index="11">
              <value>
                <![CDATA[Test]]>
              </value>
            </param>
            <param index="12">
              <value>
                <![CDATA[4000000000000010]]>
              </value>
            </param>
            <param index="13">
              <value>
                <![CDATA[123]]>
              </value>
            </param>
            <param index="14">
              <value>
                <![CDATA[5]]>
              </value>
            </param>
            <param index="15">
              <value>
                <![CDATA[2018]]>
              </value>
            </param>
            <param index="16">
              <value>
                <![CDATA[CITICORP]]>
              </value>
            </param>
            <param index="17">
              <value>
                <![CDATA[Gmail@123]]>
              </value>
            </param>
            <param index="18">
              <value>
                <![CDATA[Gmail@123]]>
              </value>
            </param>
          </params>
          <exception class="java.util.NoSuchElementException">
            <full-stacktrace>
              <![CDATA[java.util.NoSuchElementException
	at java.util.LinkedHashMap$LinkedHashIterator.nextNode(LinkedHashMap.java:713)
	at java.util.LinkedHashMap$LinkedKeyIterator.next(LinkedHashMap.java:734)
	at dd_tests.AmwayPH_Registration.Register(AmwayPH_Registration.java:148)
	at sun.reflect.NativeMethodAccessorImpl.invoke0(Native Method)
	at sun.reflect.NativeMethodAccessorImpl.invoke(NativeMethodAccessorImpl.java:62)
	at sun.reflect.DelegatingMethodAccessorImpl.invoke(DelegatingMethodAccessorImpl.java:43)
	at java.lang.reflect.Method.invoke(Method.java:498)
	at org.testng.internal.MethodInvocationHelper.invokeMethod(MethodInvocationHelper.java:108)
	at org.testng.internal.Invoker.invokeMethod(Invoker.java:661)
	at org.testng.internal.Invoker.invokeTestMethod(Invoker.java:869)
	at org.testng.internal.Invoker.invokeTestMethods(Invoker.java:1193)
	at org.testng.internal.TestMethodWorker.invokeTestMethods(TestMethodWorker.java:126)
	at org.testng.internal.TestMethodWorker.run(TestMethodWorker.java:109)
	at org.testng.TestRunner.privateRun(TestRunner.java:744)
	at org.testng.TestRunner.run(TestRunner.java:602)
	at org.testng.SuiteRunner.runTest(SuiteRunner.java:380)
	at org.testng.SuiteRunner.runSequentially(SuiteRunner.java:375)
	at org.testng.SuiteRunner.privateRun(SuiteRunner.java:340)
	at org.testng.SuiteRunner.run(SuiteRunner.java:289)
	at org.testng.SuiteRunnerWorker.runSuite(SuiteRunnerWorker.java:52)
	at org.testng.SuiteRunnerWorker.run(SuiteRunnerWorker.java:86)
	at org.testng.TestNG.runSuitesSequentially(TestNG.java:1301)
	at org.testng.TestNG.runSuitesLocally(TestNG.java:1226)
	at org.testng.TestNG.runSuites(TestNG.java:1144)
	at org.testng.TestNG.run(TestNG.java:1115)
	at org.testng.TestNG.privateMain(TestNG.java:1442)
	at org.testng.TestNG.main(TestNG.java:1411)
]]>
            </full-stacktrace>
          </exception> <!-- java.util.NoSuchElementException -->
          <reporter-output>
          </reporter-output>
        </test-method> <!-- Register -->
        <test-method status="PASS" signature="QuitDriver()[pri:0, instance:dd_tests.AmwayPH_Registration@366e2eef]" name="QuitDriver" is-config="true" duration-ms="2075" started-at="2017-04-07T16:33:32Z" finished-at="2017-04-07T16:33:34Z">
          <reporter-output>
          </reporter-output>
        </test-method> <!-- QuitDriver -->
      </class> <!-- dd_tests.AmwayPH_Registration -->
    </test> <!-- Test -->
  </suite> <!-- Suite -->
</testng-results>
